[2026-06-18] 更新每日提示 → 2026年06月18日 星期四
[2026-06-19] 更新每日提示 → 2026年06月19日 星期五
[2026-06-20] 更新每日提示 → 2026年06月20日 星期六
[2026-06-21] 更新每日提示 → 2026年06月21日 星期日
[2026-06-22] 更新每日提示 → 2026年06月22日 星期一
[2026-06-23] 更新每日提示 → 2026年06月23日 星期二
[2026-06-24] 更新每日提示 → 2026年06月24日 星期三
[2026-06-25] 更新每日提示 → 2026年06月25日 星期四
[2026-06-26] 更新每日提示 → 2026年06月26日 星期五
[2026-06-27] 更新每日提示 → 2026年06月27日 星期六
[2026-06-28] 更新每日提示 → 2026年06月28日 星期日
[2026-06-29] 更新每日提示 → 2026年06月29日 星期一
2026-06-29 22:41:59 周一 更新完成
[2026-06-29] 更新每日提示 → 2026年06月29日 周一
[2026-06-29] 更新每日提示 → 2026年06月29日 周一
[2026-06-29] 更新每日提示 → 2026年06月29日 周一
[2026-06-29] 更新每日提示 → 2026年06月29日 周一
[2026-06-29] 更新每日提示 → 2026年06月29日 周一
[2026-06-30] 更新每日提示 → 2026年06月30日 周二
[2026-06-30] 更新每日提示 → 2026年06月30日 周二
[2026-06-30] 更新每日提示 → 2026年06月30日 周二
[2026-06-30] 更新每日提示 → 2026年06月30日 周二
[2026-06-30] 更新每日提示 → 2026年06月30日 周二
[2026-06-30] 更新每日提示 → 2026年06月30日 周二
[2026-07-01] 更新每日提示 → 2026年07月01日 周三
[2026-07-02] 更新每日提示 → 2026年07月02日 周四
[2026-07-03] 更新每日提示 → 2026年07月03日 周五
[2026-07-04] 更新每日提示 → 2026年07月04日 周六
[2026-07-05] 更新每日提示 → 2026年07月05日 周日
[2026-07-06] 更新每日提示 → 2026年07月06日 周一
[2026-07-07] 更新每日提示 → 2026年07月07日 周二
[2026-07-08] 更新每日提示 → 2026年07月08日 周三
